<?xml version="1.0" encoding="UTF-8"?>
<!-- Generated by org.testng.reporters.JUnitReportReporter -->
<testsuite hostname="DESKTOP-F6BA6C8" failures="0" tests="1" name="Login.Tc__Login_002_Test" time="5.959" errors="0" timestamp="2024-04-03T16:25:38 IST" skipped="0">
  <testcase classname="Login.Tc__Login_002_Test" name="verify_user_can_able_to_login_withExcelData" time="5.959"/>
  <system-out>
    <![CDATA[Registered Succesfully]]>
  </system-out>
</testsuite> <!-- Login.Tc__Login_002_Test -->
