<?xml version="1.0" encoding="UTF-8"?>
<!-- Generated by org.testng.reporters.JUnitReportReporter -->
<testsuite hostname="DESKTOP-F6BA6C8" failures="0" tests="1" name="Login.Tc_Login_001" time="1.844" errors="0" timestamp="2024-03-27T22:23:07 IST" skipped="0">
  <testcase classname="Login.Tc_Login_001" name="loginPage" time="1.844"/>
  <system-out/>
</testsuite> <!-- Login.Tc_Login_001 -->
