<?xml version="1.0" encoding="UTF-8"?>
<!-- Generated by org.testng.reporters.JUnitReportReporter -->
<testsuite hostname="DESKTOP-F6BA6C8" failures="0" tests="1" name="Login.Tc__Login_002" time="7.331" errors="0" timestamp="2024-03-29T16:45:39 IST" skipped="0">
  <testcase classname="Login.Tc__Login_002" name="verify_user_can_able_to_login_withExcelData" time="7.331"/>
  <system-out/>
</testsuite> <!-- Login.Tc__Login_002 -->
