<?xml version="1.0" encoding="UTF-8"?>
<!-- Generated by org.testng.reporters.JUnitReportReporter -->
<testsuite hostname="DESKTOP-F6BA6C8" failures="0" tests="1" name="Login.Tc_Login_004" time="3.559" errors="0" timestamp="2024-03-29T18:27:26 IST" skipped="0">
  <testcase classname="Login.Tc_Login_004" name="Verify_that_user_can_able_to_Login_with_invalid_Pwd" time="3.559"/>
  <system-out/>
</testsuite> <!-- Login.Tc_Login_004 -->
