<?xml version="1.0" encoding="UTF-8"?>
<!-- Generated by org.testng.reporters.JUnitReportReporter -->
<testsuite hostname="DESKTOP-F6BA6C8" failures="0" tests="1" name="Login.Tc_Login_003" time="3.624" errors="0" timestamp="2024-03-29T18:25:02 IST" skipped="0">
  <testcase classname="Login.Tc_Login_003" name="Verify_that_user_can_able_to_Login_with_invalid_emailID" time="3.624"/>
  <system-out/>
</testsuite> <!-- Login.Tc_Login_003 -->
