<?xml version="1.0" encoding="UTF-8"?>
<!-- Generated by org.testng.reporters.JUnitReportReporter -->
<testsuite hostname="DESKTOP-F6BA6C8" failures="0" tests="1" name="Cart.Tc_AddToCart_001" time="5.287" errors="0" timestamp="2024-03-29T20:45:38 IST" skipped="0">
  <testcase classname="Cart.Tc_AddToCart_001" name="Verify_that_user_can_Able_to_add_Item_to_car" time="5.287"/>
  <system-out/>
</testsuite> <!-- Cart.Tc_AddToCart_001 -->
