<?xml version="1.0" encoding="UTF-8"?>
<!-- Generated by org.testng.reporters.JUnitReportReporter -->
<testsuite hostname="DESKTOP-F6BA6C8" failures="0" tests="1" name="Register.Tc_Register_002" time="4.878" errors="0" timestamp="2024-03-29T18:11:05 IST" skipped="0">
  <testcase classname="Register.Tc_Register_002" name="Verify_the_user_can_able_to_register_again_with_same_email" time="4.878"/>
  <system-out/>
</testsuite> <!-- Register.Tc_Register_002 -->
