<?xml version="1.0" encoding="UTF-8"?>
<!-- Generated by org.testng.reporters.JUnitReportReporter -->
<testsuite hostname="DESKTOP-F6BA6C8" failures="0" tests="1" name="Register.Tc_Resgister_001" time="4.747" errors="0" timestamp="2024-03-29T18:14:13 IST" skipped="0">
  <testcase classname="Register.Tc_Resgister_001" name="verify_User_Can_Able_to_Register_with_valid_Data" time="4.747"/>
  <system-out/>
</testsuite> <!-- Register.Tc_Resgister_001 -->
